INFO  2026-05-07 05:44:53,747 serena.cli:health_check:920 - Starting health check for project: /Users/aryan/Downloads/,,
INFO  2026-05-07 05:44:53,747 serena.util.file_system:_load_gitignore_files:152 - Processing .gitignore file: /Users/aryan/Downloads/,,/react-app/.gitignore
INFO  2026-05-07 05:44:53,747 serena.cli:health_check:924 - Creating SerenaAgent with disabled dashboard...
INFO  2026-05-07 05:44:53,750 serena.util.file_system:_load_gitignore_files:152 - Processing .gitignore file: /Users/aryan/Downloads/,,/.serena-old-20260507-054428/.gitignore
INFO  2026-05-07 05:44:53,752 serena.util.file_system:_load_gitignore_files:152 - Processing .gitignore file: /Users/aryan/Downloads/,,/.serena/.gitignore
INFO  2026-05-07 05:44:53,762 serena.util.file_system:stop:336 - Loading of .gitignore files completed in 0.015 seconds
INFO  2026-05-07 05:44:53,762 serena.project:stop:336 - Gathering ignore spec for project propaths-copy117-newer-edition completed in 0.015 seconds
INFO  2026-05-07 05:44:53,766 serena.agent:__init__:589 - Will record tool usage statistics with token count estimator: CHAR_COUNT.
INFO  2026-05-07 05:44:53,774 serena.agent:__init__:593 - Starting Serena server (version=1.2.0, process id=77326, parent process id=76809; language backend=LSP); Python version=3.13.9, platform=macOS-26.4.1-arm64-arm-64bit-Mach-O
INFO  2026-05-07 05:44:53,774 serena.agent:__init__:597 - Configuration file: /Users/aryan/.serena/serena_config.yml
INFO  2026-05-07 05:44:53,774 serena.agent:__init__:598 - Available projects: DADA, ProPaths, ProPaths, ProPaths, dada-propaths-copy117-fullstack, propaths-copy117-newer-edition, untitled folder 2, untitled folder 2, untitled folder 2, untitled folder 2, untitled folder 2, untitled folder 2, untitled folder 2, untitled folder 2 copy 107, untitled folder 2 copy 15
INFO  2026-05-07 05:44:53,774 serena.agent:__init__:599 - Loaded tools (46): read_file, create_text_file, list_dir, find_file, replace_content, delete_lines, replace_lines, insert_at_line, search_for_pattern, restart_language_server, get_symbols_overview, find_symbol, find_referencing_symbols, replace_symbol_body, insert_after_symbol, insert_before_symbol, rename_symbol, safe_delete_symbol, write_memory, read_memory, list_memories, delete_memory, rename_memory, edit_memory, execute_shell_command, open_dashboard, activate_project, remove_project, get_current_config, check_onboarding_performed, onboarding, initial_instructions, serena_info, jet_brains_find_symbol, jet_brains_move, jet_brains_safe_delete, jet_brains_inline_symbol, jet_brains_find_referencing_symbols, jet_brains_get_symbols_overview, jet_brains_type_hierarchy, jet_brains_find_declaration, jet_brains_find_implementations, jet_brains_rename, jet_brains_debug, list_queryable_projects, query_project
INFO  2026-05-07 05:44:53,774 serena.agent:__init__:611 - Using language backend from global configuration: LSP
INFO  2026-05-07 05:44:53,784 serena.config.serena_config:start:329 - Loading project instance for RegisteredProject[project_root=/Users/aryan/Downloads/,,, project_config=ProjectConfig[project_name=propaths-copy117-newer-edition]] starting ...
INFO  2026-05-07 05:44:53,784 serena.project:__init__:281 - Serena project data folder: /Users/aryan/Downloads/,,/.serena
INFO  2026-05-07 05:44:53,784 serena.project:start:329 - Gathering ignore spec for project propaths-copy117-newer-edition starting ...
INFO  2026-05-07 05:44:53,784 serena.config.serena_config:stop:336 - Loading project instance for RegisteredProject[project_root=/Users/aryan/Downloads/,,, project_config=ProjectConfig[project_name=propaths-copy117-newer-edition]] completed in 0.000 seconds
INFO  2026-05-07 05:44:53,784 serena.util.file_system:start:329 - Loading of .gitignore files starting ...
INFO  2026-05-07 05:44:53,784 serena.agent:activate_project_from_path_or_name:1127 - Found registered project 'propaths-copy117-newer-edition' at path /Users/aryan/Downloads/,,
INFO  2026-05-07 05:44:53,784 serena.agent:_activate_project:1064 - Activating propaths-copy117-newer-edition at /Users/aryan/Downloads/,,
INFO  2026-05-07 05:44:53,784 serena.task_executor:issue_task:192 - Scheduling Task-1:init_language_server_manager
INFO  2026-05-07 05:44:53,785 serena.agent:_update_active_modes:993 - Active modes (2): editing, interactive
INFO  2026-05-07 05:44:53,785 serena.util.file_system:_load_gitignore_files:152 - Processing .gitignore file: /Users/aryan/Downloads/,,/react-app/.gitignore
INFO  2026-05-07 05:44:53,786 serena.agent:_create_base_toolset:754 - Number of exposed tools: 26
INFO  2026-05-07 05:44:53,787 serena.agent:__init__:635 - Number of exposed tools: 26. Exposed tools: ['activate_project', 'check_onboarding_performed', 'create_text_file', 'delete_memory', 'edit_memory', 'execute_shell_command', 'find_file', 'find_referencing_symbols', 'find_symbol', 'get_current_config', 'get_symbols_overview', 'initial_instructions', 'insert_after_symbol', 'insert_before_symbol', 'list_dir', 'list_memories', 'onboarding', 'read_file', 'read_memory', 'rename_memory', 'rename_symbol', 'replace_content', 'replace_symbol_body', 'safe_delete_symbol', 'search_for_pattern', 'write_memory']
INFO  2026-05-07 05:44:53,787 serena.util.file_system:_load_gitignore_files:152 - Processing .gitignore file: /Users/aryan/Downloads/,,/.serena-old-20260507-054428/.gitignore
INFO  2026-05-07 05:44:53,787 serena.agent:_update_active_tools:1011 - Active tools (26): activate_project, check_onboarding_performed, create_text_file, delete_memory, edit_memory, execute_shell_command, find_file, find_referencing_symbols, find_symbol, get_current_config, get_symbols_overview, initial_instructions, insert_after_symbol, insert_before_symbol, list_dir, list_memories, onboarding, read_file, read_memory, rename_memory, rename_symbol, replace_content, replace_symbol_body, safe_delete_symbol, search_for_pattern, write_memory
INFO  2026-05-07 05:44:53,788 serena.util.file_system:_load_gitignore_files:152 - Processing .gitignore file: /Users/aryan/Downloads/,,/.serena/.gitignore
INFO  2026-05-07 05:44:53,799 serena.util.file_system:stop:336 - Loading of .gitignore files completed in 0.015 seconds
INFO  2026-05-07 05:44:53,800 serena.project:stop:336 - Gathering ignore spec for project propaths-copy117-newer-edition completed in 0.015 seconds
INFO  2026-05-07 05:44:53,875 serena.task_executor:_process_task_queue:123 - Starting execution of Task-1:init_language_server_manager
INFO  2026-05-07 05:44:53,875 serena.task_executor:start:329 - Task-1:init_language_server_manager starting ...
INFO  2026-05-07 05:44:53,875 serena.agent:start:329 - Language server initialization starting ...
INFO  2026-05-07 05:44:53,875 serena.project:create_language_server_manager:653 - Creating language server manager for /Users/aryan/Downloads/,,
INFO  2026-05-07 05:44:53,875 sensai.util.logging:start:329 - Language server startup (language=python) starting ...
INFO  2026-05-07 05:44:53,876 serena.ls_manager:create_language_server:48 - Creating language server instance for /Users/aryan/Downloads/,,, language=python.
INFO  2026-05-07 05:44:53,876 sensai.util.logging:start:329 - Language server startup (language=typescript) starting ...
INFO  2026-05-07 05:44:53,876 serena.ls_manager:create_language_server:48 - Creating language server instance for /Users/aryan/Downloads/,,, language=typescript.
INFO  2026-05-07 05:44:53,876 sensai.util.logging:start:329 - Language server startup (language=json) starting ...
INFO  2026-05-07 05:44:53,876 sensai.util.logging:start:329 - Language server startup (language=yaml) starting ...
INFO  2026-05-07 05:44:53,876 serena.ls_manager:create_language_server:48 - Creating language server instance for /Users/aryan/Downloads/,,, language=json.
INFO  2026-05-07 05:44:53,876 serena.ls_manager:create_language_server:48 - Creating language server instance for /Users/aryan/Downloads/,,, language=yaml.
INFO  2026-05-07 05:44:53,889 solidlsp.ls:_load_raw_document_symbols_cache:2445 - Loading document symbols cache from /Users/aryan/Downloads/,,/.serena/cache/python/raw_document_symbols.pkl
INFO  2026-05-07 05:44:53,892 solidlsp.ls:_load_raw_document_symbols_cache:2445 - Loading document symbols cache from /Users/aryan/Downloads/,,/.serena/cache/typescript/raw_document_symbols.pkl
INFO  2026-05-07 05:44:53,911 solidlsp.ls:_load_raw_document_symbols_cache:2450 - Loaded 177 entries from raw document symbols cache.
INFO  2026-05-07 05:44:53,911 solidlsp.ls:_load_document_symbols_cache:2480 - Loading document symbols cache from /Users/aryan/Downloads/,,/.serena/cache/python/document_symbols.pkl
INFO  2026-05-07 05:44:54,008 solidlsp.ls:_load_raw_document_symbols_cache:2450 - Loaded 70 entries from raw document symbols cache.
INFO  2026-05-07 05:44:54,009 solidlsp.ls:_load_document_symbols_cache:2480 - Loading document symbols cache from /Users/aryan/Downloads/,,/.serena/cache/typescript/document_symbols.pkl
INFO  2026-05-07 05:44:54,022 solidlsp.ls:_load_document_symbols_cache:2485 - Loaded 180 entries from document symbols cache.
INFO  2026-05-07 05:44:54,024 solidlsp.ls:start:2578 - Starting language server with language python for /Users/aryan/Downloads/,,
INFO  2026-05-07 05:44:54,025 solidlsp.language_servers.pyright_server:_start_server:177 - Starting pyright-langserver server process
INFO  2026-05-07 05:44:54,027 solidlsp.ls_process:start:192 - Starting language server process via command: ['/Users/aryan/.local/share/uv/tools/serena-agent/bin/python', '-m', 'pyright.langserver', '--stdio']
INFO  2026-05-07 05:44:54,032 solidlsp.language_servers.pyright_server:_start_server:183 - Sending initialize request from LSP client to pyright server and awaiting response
INFO  2026-05-07 05:44:54,255 solidlsp.language_servers.pyright_server:window_log_message:149 - LSP: window/logMessage: Pyright language server 1.1.403 starting
INFO  2026-05-07 05:44:54,255 solidlsp.language_servers.pyright_server:window_log_message:149 - LSP: window/logMessage: Server root directory: file:///Users/aryan/.local/share/uv/tools/serena-agent/lib/python3.13/site-packages/pyright/dist/dist
INFO  2026-05-07 05:44:54,256 solidlsp.language_servers.pyright_server:window_log_message:149 - LSP: window/logMessage: Starting service instance ",,"
INFO  2026-05-07 05:44:54,256 solidlsp.language_servers.pyright_server:_start_server:185 - Received initialize response from pyright server: {'capabilities': {'textDocumentSync': 2, 'definitionProvider': {'workDoneProgress': True}, 'declarationProvider': {'workDoneProgress': True}, 'typeDefinitionProvider': {'workDoneProgress': True}, 'referencesProvider': {'workDoneProgress': True}, 'documentSymbolProvider': {'workDoneProgress': True}, 'workspaceSymbolProvider': {'workDoneProgress': True}, 'hoverProvider': {'workDoneProgress': True}, 'documentHighlightProvider': {'workDoneProgress': True}, 'renameProvider': {'prepareProvider': True, 'workDoneProgress': True}, 'completionProvider': {'triggerCharacters': ['.', '[', '"', "'"], 'resolveProvider': True, 'workDoneProgress': True, 'completionItem': {'labelDetailsSupport': True}}, 'signatureHelpProvider': {'triggerCharacters': ['(', ',', ')'], 'workDoneProgress': True}, 'codeActionProvider': {'codeActionKinds': ['quickfix', 'source.organizeImports'], 'workDoneProgress': True}, 'executeCommandProvider': {'commands': [], 'workDoneProgress': True}, 'callHierarchyProvider': True, 'workspace': {'workspaceFolders': {'supported': True, 'changeNotifications': True}}}}
INFO  2026-05-07 05:44:54,257 solidlsp.language_servers.pyright_server:_start_server:197 - Waiting for Pyright to complete initial workspace analysis...
INFO  2026-05-07 05:44:54,260 solidlsp.ls:_load_raw_document_symbols_cache:2445 - Loading document symbols cache from /Users/aryan/Downloads/,,/.serena/cache/yaml/raw_document_symbols.pkl
INFO  2026-05-07 05:44:54,261 solidlsp.ls:_load_raw_document_symbols_cache:2445 - Loading document symbols cache from /Users/aryan/Downloads/,,/.serena/cache/json/raw_document_symbols.pkl
INFO  2026-05-07 05:44:54,262 solidlsp.ls:_load_raw_document_symbols_cache:2450 - Loaded 2 entries from raw document symbols cache.
INFO  2026-05-07 05:44:54,262 solidlsp.ls:_load_document_symbols_cache:2480 - Loading document symbols cache from /Users/aryan/Downloads/,,/.serena/cache/yaml/document_symbols.pkl
INFO  2026-05-07 05:44:54,265 solidlsp.ls:_load_document_symbols_cache:2485 - Loaded 2 entries from document symbols cache.
INFO  2026-05-07 05:44:54,271 solidlsp.ls:start:2578 - Starting language server with language yaml for /Users/aryan/Downloads/,,
INFO  2026-05-07 05:44:54,272 solidlsp.language_servers.yaml_language_server:_start_server:174 - Starting YAML server process
INFO  2026-05-07 05:44:54,272 solidlsp.ls_process:start:192 - Starting language server process via command: ['/Users/aryan/.serena/language_servers/static/YamlLanguageServer/yaml-lsp/node_modules/.bin/yaml-language-server', '--stdio']
INFO  2026-05-07 05:44:54,291 solidlsp.ls:_load_document_symbols_cache:2485 - Loaded 71 entries from document symbols cache.
INFO  2026-05-07 05:44:54,293 serena.cli:health_check:927 - SerenaAgent created successfully
INFO  2026-05-07 05:44:54,294 serena.cli:health_check:930 - Searching for analyzable files...
INFO  2026-05-07 05:44:54,295 solidlsp.language_servers.yaml_language_server:_start_server:178 - Sending initialize request from LSP client to LSP server and awaiting response
INFO  2026-05-07 05:44:54,317 solidlsp.ls:start:2578 - Starting language server with language typescript for /Users/aryan/Downloads/,,
INFO  2026-05-07 05:44:54,317 solidlsp.language_servers.typescript_language_server:_start_server:358 - Starting TypeScript server process
INFO  2026-05-07 05:44:54,321 solidlsp.ls_process:start:192 - Starting language server process via command: ['/Users/aryan/.serena/language_servers/static/TypeScriptLanguageServer/ts-lsp/node_modules/.bin/typescript-language-server', '--stdio']
INFO  2026-05-07 05:44:54,326 solidlsp.language_servers.typescript_language_server:_start_server:362 - Sending initialize request from LSP client to LSP server and awaiting response
INFO  2026-05-07 05:44:54,373 solidlsp.ls:_load_raw_document_symbols_cache:2450 - Loaded 309 entries from raw document symbols cache.
INFO  2026-05-07 05:44:54,374 solidlsp.ls:_load_document_symbols_cache:2480 - Loading document symbols cache from /Users/aryan/Downloads/,,/.serena/cache/json/document_symbols.pkl
INFO  2026-05-07 05:44:54,627 solidlsp.language_servers.typescript_language_server:window_log_message:296 - LSP: window/logMessage: {'type': 3, 'message': 'Using Typescript version (bundled) 5.9.3 from path "/Users/aryan/.serena/language_servers/static/TypeScriptLanguageServer/ts-lsp/node_modules/typescript/lib/tsserver.js"'}
INFO  2026-05-07 05:44:54,627 solidlsp.language_servers.pyright_server:window_log_message:149 - LSP: window/logMessage: No include entries specified; assuming /Users/aryan/Downloads/,,
INFO  2026-05-07 05:44:54,628 solidlsp.language_servers.yaml_language_server:_start_server:184 - YAML server supports document symbols
INFO  2026-05-07 05:44:54,629 solidlsp.language_servers.pyright_server:window_log_message:149 - LSP: window/logMessage: Auto-excluding **/node_modules
INFO  2026-05-07 05:44:54,629 solidlsp.language_servers.yaml_language_server:_start_server:191 - YAML server initialization complete
INFO  2026-05-07 05:44:54,629 solidlsp.language_servers.pyright_server:window_log_message:149 - LSP: window/logMessage: Auto-excluding **/__pycache__
INFO  2026-05-07 05:44:54,629 sensai.util.logging:stop:336 - Language server startup (language=yaml) completed in 0.753 seconds
INFO  2026-05-07 05:44:54,630 solidlsp.language_servers.typescript_language_server:handle_typescript_version:304 - TypeScript server version notification received: {'version': '5.9.3', 'source': 'bundled'}
INFO  2026-05-07 05:44:54,630 solidlsp.language_servers.pyright_server:window_log_message:149 - LSP: window/logMessage: Auto-excluding **/.*
INFO  2026-05-07 05:44:54,631 solidlsp.language_servers.typescript_language_server:_start_server:377 - TypeScript server is ready
INFO  2026-05-07 05:44:54,631 solidlsp.language_servers.pyright_server:window_log_message:149 - LSP: window/logMessage: Assuming Python version 3.14.2.final.0
INFO  2026-05-07 05:44:54,631 solidlsp.language_servers.typescript_language_server:_start_server:387 - Waiting for TypeScript project indexing to complete (if async)...
INFO  2026-05-07 05:44:54,631 solidlsp.language_servers.pyright_server:window_log_message:149 - LSP: window/logMessage: Found 179 source files
INFO  2026-05-07 05:44:54,632 solidlsp.language_servers.yaml_language_server:window_log_message:167 - LSP: window/logMessage: {'type': 1, 'message': "Error: method 'workspace/configuration' not handled on client.\n    at handleResponse (/Users/aryan/.serena/language_servers/static/YamlLanguageServer/yaml-lsp/node_modules/vscode-jsonrpc/lib/common/connection.js:565:48)\n    at handleMessage (/Users/aryan/.serena/language_servers/static/YamlLanguageServer/yaml-lsp/node_modules/vscode-jsonrpc/lib/common/connection.js:345:13)\n    at processMessageQueue (/Users/aryan/.serena/language_servers/static/YamlLanguageServer/yaml-lsp/node_modules/vscode-jsonrpc/lib/common/connection.js:362:17)\n    at Immediate.<anonymous> (/Users/aryan/.serena/language_servers/static/YamlLanguageServer/yaml-lsp/node_modules/vscode-jsonrpc/lib/common/connection.js:334:13)\n    at process.processImmediate (node:internal/timers:504:21)"}
INFO  2026-05-07 05:44:54,633 solidlsp.language_servers.typescript_language_server:_start_server:389 - TypeScript project indexing complete
INFO  2026-05-07 05:44:54,633 solidlsp.language_servers.pyright_server:window_log_message:154 - Pyright workspace scanning complete
INFO  2026-05-07 05:44:54,633 sensai.util.logging:stop:336 - Language server startup (language=typescript) completed in 0.758 seconds
INFO  2026-05-07 05:44:54,634 solidlsp.language_servers.pyright_server:_start_server:199 - Pyright initial analysis complete, server ready
INFO  2026-05-07 05:44:54,635 sensai.util.logging:stop:336 - Language server startup (language=python) completed in 0.759 seconds
INFO  2026-05-07 05:44:54,740 solidlsp.ls:_load_document_symbols_cache:2485 - Loaded 313 entries from document symbols cache.
INFO  2026-05-07 05:44:54,741 solidlsp.ls:start:2578 - Starting language server with language json for /Users/aryan/Downloads/,,
INFO  2026-05-07 05:44:54,741 solidlsp.language_servers.json_language_server:_start_server:149 - Starting JSON server process
INFO  2026-05-07 05:44:54,741 solidlsp.ls_process:start:192 - Starting language server process via command: ['/Users/aryan/.serena/language_servers/static/JsonLanguageServer/json-lsp/node_modules/.bin/vscode-json-languageserver', '--stdio']
INFO  2026-05-07 05:44:54,746 solidlsp.language_servers.json_language_server:_start_server:153 - Sending initialize request from LSP client to LSP server and awaiting response
INFO  2026-05-07 05:44:54,789 serena.cli:health_check:939 - Found analyzable file: runner.py
INFO  2026-05-07 05:44:54,789 serena.cli:health_check:957 - Testing GetSymbolsOverviewTool on file: runner.py
INFO  2026-05-07 05:44:54,789 serena.task_executor:issue_task:192 - Scheduling Task-2:<lambda>
INFO  2026-05-07 05:44:54,803 solidlsp.language_servers.json_language_server:_start_server:158 - JSON server supports document symbols
INFO  2026-05-07 05:44:54,803 solidlsp.language_servers.json_language_server:_start_server:164 - JSON server initialization complete
INFO  2026-05-07 05:44:54,803 sensai.util.logging:stop:336 - Language server startup (language=json) completed in 0.927 seconds
INFO  2026-05-07 05:44:54,803 serena.agent:stop:336 - Language server initialization completed in 0.928 seconds
INFO  2026-05-07 05:44:54,803 serena.task_executor:stop:336 - Task-1:init_language_server_manager completed in 0.928 seconds
INFO  2026-05-07 05:44:54,803 serena.task_executor:_process_task_queue:123 - Starting execution of Task-2:<lambda>
INFO  2026-05-07 05:44:54,803 serena.task_executor:start:329 - Task-2:<lambda> starting ...
INFO  2026-05-07 05:44:54,805 serena.task_executor:stop:336 - Task-2:<lambda> completed in 0.001 seconds
INFO  2026-05-07 05:44:54,805 serena.cli:health_check:959 - GetSymbolsOverviewTool returned: [{'name': '_PARSE_FAILURE_COUNTERS', 'kind': 'Constant'}, {'name': '_TPM_TRACKER_LOCK', 'kind': 'Constant'}, {'name': '_TPM_TRACKER_DEQUE', 'kind': 'Constant'}, {'name': '_RUN_ENV_OVERRIDE_LOCK', 'kind': 'Constant'}, {'name': '_TPM_WINDOW_SECONDS', 'kind': 'Constant'}, {'name': '_TPM_RESERVED_TOKENS', 'kind': 'Constant'}, {'name': '_tpm_record_tokens', 'kind': 'Function'}, {'name': '_tpm_current_usage', 'kind': 'Function'}, {'name': '_tpm_current_load', 'kind': 'Function'}, {'name': '_tpm_reserve', 'kind': 'Function'}, {'name': '_tpm_release', 'kind': 'Function'}, {'name': '_estimate_tokens_per_call', 'kind': 'Function'}, {'name': '_tpm_wait_for_budget', 'kind': 'Function'}, {'name': 'DYNAMIC_CONFIG_AVAILABLE', 'kind': 'Constant'}, {'name': 'STEP_LOGGER_AVAILABLE', 'kind': 'Constant'}, {'name': 'STRUCTURED_LOG_AVAILABLE', 'kind': 'Constant'}, {'name': 'METRICS_AVAILABLE', 'kind': 'Constant'}, {'name': 'VALIDATOR_AVAILABLE', 'kind': 'Constant'}, {'name': 'PATHWAY_PIPELINE_AVAILABLE', 'kind': 'Constant'}, {'name': 'CACHE_DIR', 'kind': 'Constant'}, {'name': 'PARALLEL_BATCH_SIZE', 'kind': 'Constant'}, {'name': 'PARALLEL_MAX_WORKERS', 'kind': 'Constant'}, {'name': 'CHAIN_CLAIM_BATCH_SIZE', 'kind': 'Constant'}, {'name': 'CHAIN_CLAIM_MAX_WORKERS', 'kind': 'Constant'}, {'name': 'CHAIN_CLAIM_RECOVERY_MAX_WORKERS', 'kind': 'Constant'}, {'name': 'CHAIN_CLAIM_MAX_RETRIES', 'kind': 'Constant'}, {'name': 'CHAIN_CLAIM_FAILED_BATCH_RETRIES', 'kind': 'Constant'}, {'name': 'CHAIN_CLAIM_RETRY_BASE_DELAY', 'kind': 'Constant'}, {'name': 'PARALLEL_GROUP_HEARTBEAT_SECONDS', 'kind': 'Constant'}, {'name': 'CHAIN_CLAIM_ROLLING_DISPATCH', 'kind': 'Constant'}, {'name': 'CHAIN_CLAIM_ADAPTIVE_DISPATCH', 'kind': 'Constant'}, {'name': 'CHAIN_CLAIM_ADAPTIVE_WORKERS', 'kind': 'Constant'}, {'name': 'FUNCTION_MAPPING_ROLLING_DISPATCH', 'kind': 'Constant'}, {'name': 'FUNCTION_MAPPING_BATCH_SIZE', 'kind': 'Constant'}, {'name': 'FUNCTION_MAPPING_MAX_WORKERS', 'kind': 'Constant'}, {'name': 'FUNCTION_MAPPING_REQUEST_TIMEOUT_MS', 'kind': 'Constant'}, {'name': 'FUNCTION_MAPPING_MAX_RETRIES', 'kind': 'Constant'}, {'name': 'FUNCTION_MAPPING_FAILED_BATCH_RETRIES', 'kind': 'Constant'}, {'name': 'FUNCTION_MAPPING_RETRY_BASE_DELAY', 'kind': 'Constant'}, {'name': 'FUNCTION_MAPPING_HTTP_RETRY_ATTEMPTS', 'kind': 'Constant'}, {'name': 'CHAIN_CLAIM_REQUEST_TIMEOUT_MS', 'kind': 'Constant'}, {'name': 'CHAIN_CLAIM_HTTP_RETRY_ATTEMPTS', 'kind': 'Constant'}, {'name': 'GEMINI_TPM_BUDGET', 'kind': 'Constant'}, {'name': 'CHAIN_CLAIM_REQUEST_MODE', 'kind': 'Constant'}, {'name': '_run_metrics_local', 'kind': 'Variable'}, {'name': '_set_pipeline_status', 'kind': 'Function'}, {'name': '_reset_run_request_metrics', 'kind': 'Function'}, {'name': '_get_run_request_metrics', 'kind': 'Function'}, {'name': '_increment_run_request_metric', 'kind': 'Function'}, {'name': '_coerce_token_count', 'kind': 'Function'}, {'name': 'ensure_env', 'kind': 'Function'}, {'name': 'validate_steps', 'kind': 'Function'}, {'name': '_is_truncated_output', 'kind': 'Function'}, {'name': '_DEPTH_CRITICAL_STEP_PREFIXES', 'kind': 'Constant'}, {'name': '_is_depth_critical_step', 'kind': 'Function'}, {'name': '_handle_parse_failed_flag', 'kind': 'Function'}, {'name': '_strip_json_array_value', 'kind': 'Function'}, {'name': '_reduce_prompt_for_retry', 'kind': 'Function'}, {'name': '_parse_with_retry', 'kind': 'Function'}, {'name': '_get_all_indirect_interactors', 'kind': 'Function'}, {'name': '_get_chained_needing_link_functions', 'kind': 'Function'}, {'name': '_parse_chain_string', 'kind': 'Function'}, {'name': '_validate_chain_intermediaries', 'kind': 'Function'}, {'name': '_run_single_chain_step', 'kind': 'Function'}, {'name': '_run_track_a', 'kind': 'Function'}, {'name': '_run_track_b', 'kind': 'Function'}, {'name': '_promote_chain_interactors', 'kind': 'Function'}, {'name': '_run_chain_resolution_phase', 'kind': 'Function'}, {'name': '_enforce_chain_pathway_consistency', 'kind': 'Function'}, {'name': '_relocate_flat_chain_hop_functions', 'kind': 'Function'}, {'name': '_generated_chain_pair_keys', 'kind': 'Function'}, {'name': '_missing_chain_claim_pairs', 'kind': 'Function'}, {'name': '_shallow_chain_hop_pairs', 'kind': 'Function'}, {'name': '_extract_json_dict_segments', 'kind': 'Function'}, {'name': '_chain_claim_records_from_obj', 'kind': 'Function'}, {'name': '_thin_chain_claim_function', 'kind': 'Function'}, {'name': '_normalize_chain_claim_function', 'kind': 'Function'}, {'name': '_attach_chain_claim_records', 'kind': 'Function'}, {'name': '_merge_chain_claim_output', 'kind': 'Function'}, {'name': '_get_chain_claim_targets', 'kind': 'Function'}, {'name': '_rehydrate_chain_claims_from_db', 'kind': 'Function'}, {'name': '_build_chain_batch_directive', 'kind': 'Function'}, {'name': '_promote_discovered_interactors', 'kind': 'Function'}, {'name': '_reconcile_chain_fields', 'kind': 'Function'}, {'name': '_backfill_chain_context_from_mediator_chain', 'kind': 'Function'}, {'name': '_BANNED_NAME_SUFFIXES', 'kind': 'Constant'}, {'name': '_DIRECT_EVIDENCE_RE_RUNNER', 'kind': 'Constant'}, {'name': '_clean_function_names_in_payload', 'kind': 'Function'}, {'name': '_reclassify_indirect_to_direct', 'kind': 'Function'}, {'name': '_tag_shallow_functions', 'kind': 'Function'}, {'name': '_shallow_interactor_names', 'kind': 'Function'}, {'name': '_DIRECTIVE_CHAIN_LINKS', 'kind': 'Constant'}, {'name': '_run_parallel_batched_phase', 'kind': 'Function'}, {'name': 'call_gemini_model', 'kind': 'Function'}, {'name': '_call_interaction_mode', 'kind': 'Function'}, {'name': '_call_deep_research_mode', 'kind': 'Function'}, {'name': '_interactions_api_probe_cache', 'kind': 'Variable'}, {'name': '_probe_cache_lock', 'kind': 'Variable'}, {'name': '_build_iteration_prompt', 'kind': 'Function'}, {'name': '_extract_json_object', 'kind': 'Function'}, {'name': '_salvage_interactors_array', 'kind': 'Function'}, {'name': '_merge_iteration_output', 'kind': 'Function'}, {'name': '_call_iterative_research_mode', 'kind': 'Function'}, {'name': 'create_snapshot_from_ctx', 'kind': 'Function'}, {'name': '_zero_function_interactor_names', 'kind': 'Function'}, {'name': 'find_interactors_without_functions', 'kind': 'Function'}, {'name': 'validate_phase2_completeness', 'kind': 'Function'}, {'name': 'log_missing_functions_diagnostic', 'kind': 'Function'}, {'name': 'validate_classification_preservation', 'kind': 'Function'}, {'name': 'run_pipeline', 'kind': 'Function'}, {'name': 'run_pipeline_for_protein', 'kind': 'Function'}, {'name': '_get_user_friendly_step_name', 'kind': 'Function'}, {'name': '_run_main_pipeline_for_web', 'kind': 'Function'}, {'name': 'run_full_job', 'kind': 'Function'}, {'name': 'run_requery_job', 'kind': 'Function'}, {'name': 'main', 'kind': 'Function'}]
INFO  2026-05-07 05:44:54,805 serena.cli:health_check:982 - Using symbol for testing: _tpm_record_tokens (kind: Function)
INFO  2026-05-07 05:44:54,805 serena.cli:health_check:985 - Testing FindSymbolTool for symbol: _tpm_record_tokens
INFO  2026-05-07 05:44:54,805 serena.task_executor:issue_task:192 - Scheduling Task-3:<lambda>
INFO  2026-05-07 05:44:54,910 serena.task_executor:_process_task_queue:123 - Starting execution of Task-3:<lambda>
INFO  2026-05-07 05:44:54,910 serena.task_executor:start:329 - Task-3:<lambda> starting ...
INFO  2026-05-07 05:44:54,913 serena.task_executor:stop:336 - Task-3:<lambda> completed in 0.003 seconds
INFO  2026-05-07 05:44:54,913 serena.cli:health_check:990 - FindSymbolTool found 1 matches for symbol _tpm_record_tokens
INFO  2026-05-07 05:44:54,914 serena.cli:health_check:993 - Testing FindReferencingSymbolsTool for symbol: _tpm_record_tokens
INFO  2026-05-07 05:44:54,914 serena.task_executor:issue_task:192 - Scheduling Task-4:<lambda>
INFO  2026-05-07 05:44:55,019 serena.task_executor:_process_task_queue:123 - Starting execution of Task-4:<lambda>
INFO  2026-05-07 05:44:55,019 serena.task_executor:start:329 - Task-4:<lambda> starting ...
INFO  2026-05-07 05:44:57,060 serena.task_executor:stop:336 - Task-4:<lambda> completed in 2.041 seconds
INFO  2026-05-07 05:44:57,060 serena.cli:health_check:997 - FindReferencingSymbolsTool found 1 references for symbol _tpm_record_tokens
INFO  2026-05-07 05:44:57,060 serena.cli:health_check:1003 - Testing SearchForPatternTool for pattern: _tpm_record_tokens
INFO  2026-05-07 05:44:57,060 serena.task_executor:issue_task:192 - Scheduling Task-5:<lambda>
INFO  2026-05-07 05:44:57,165 serena.task_executor:_process_task_queue:123 - Starting execution of Task-5:<lambda>
INFO  2026-05-07 05:44:57,165 serena.task_executor:start:329 - Task-5:<lambda> starting ...
INFO  2026-05-07 05:44:57,229 serena.util.text_utils:search_files:364 - Processing 566 files.
INFO  2026-05-07 05:44:57,309 serena.util.text_utils:search_files:405 - Found 3 total matches across 566 files
INFO  2026-05-07 05:44:57,309 serena.task_executor:stop:336 - Task-5:<lambda> completed in 0.144 seconds
INFO  2026-05-07 05:44:57,309 serena.cli:health_check:1010 - SearchForPatternTool found 3 pattern matches for _tpm_record_tokens
INFO  2026-05-07 05:44:57,310 serena.cli:health_check:1024 - Health check completed successfully
